web3 connected!
Contract created success, used 5,748,852 gas
B0 x = 31103091376935205516089467158512760484255595765942643145838712887257474007771
B1 x = 40640169659568419699294275725596571762322995751295748197848537012848918339262

Phase 1 bidder init:
B0 success, used 1,174,459 gas
B1 success, used 1,138,985 gas
Wait for phase 1 ends:
wait 3.93 sec
Phase 1 success

Phase 2 bidder submit bid:
B0 bid_price_j = 0 success, used 1,921,373 gas
B1 bid_price_j = 1 success, used 1,945,662 gas
Phase 2 success

Phase 3.1 bidder verification sum 1:
B0 success, used 4,510,932 gas
B1 success, used 4,360,461 gas
Phase 3.2.1 bidder verification 01 omega:
B0 success, used 53,178,179 gas
Phase 3.2.2 bidder verification 01 dec:
B0 success, used 50,493,819 gas
B1 success, used 53,892,659 gas
Phase 3 success

Phase 4.1 second highest bid decision omega:
B0 success, used 22,318,180 gas
Phase 4.2 second highest bid decision dec:
(0, 2, 4)
B0 success, used 4,724,698 gas
B1 success, used 4,716,572 gas
(0, 1, 2)
B0 success, used 4,558,740 gas
B1 success, used 4,662,351 gas
(0, 0, 1)
Multiple bidder chose maximum bidding price.
secondHighestPriceJ = 0
Phase 4 success

Phase 5 winner decision:
B0 success, used 4,920,405 gas
B1 success, used 5,082,729 gas
winnerI = 1
Phase 5 success

 B 0 [B 1]
[  0]   1 
price = [1, 2, 3, 4]
balances = [10, 10]
Phase 6 payment:
B1 payed = 1 success, used 1,205,530 gas
Phase 6 success

B0 used 147,800,785 gas
B1 used 77,004,949 gas
