web3 connected!
Contract created success, used 6,622,215 gas
B0 x = 18998431166104605647374083263713655309356114018350334671498697667493046130618
B1 x = 104471366390822893993063342244419909048138934328068236501894200974161980504834
B2 x = 111665041658128374282774579189653830421098963121200703434365869254199891786064

Phase 1 bidder init:
B0 success, used 1,136,058 gas
B1 success, used 1,155,144 gas
B2 success, used 1,185,684 gas
Wait for phase 1 ends:
wait 2.35 sec
Phase 1 success

Phase 2 bidder submit bid:
B0 bid_price_j = 0 success, used 6,829,750 gas
B1 bid_price_j = 1 success, used 6,838,690 gas
B2 bid_price_j = 2 success, used 6,870,158 gas
Phase 2 success

Phase 3.1 bidder verification sum 1:
B0 success, used 6,931,065 gas
B1 success, used 6,813,423 gas
B2 success, used 6,898,681 gas
Phase 3.2.1 bidder verification 01 omega:
B0 success, used 541,851,708 gas
Phase 3.2.2 bidder verification 01 dec:
B0 success, used 172,203,306 gas
B1 success, used 169,387,426 gas
B2 success, used 184,156,310 gas
Phase 3 success

Phase 4.1 second highest bid decision omega:
B0 success, used 96,225,752 gas
Phase 4.2 second highest bid decision dec:
(0, 3, 6)
B0 success, used 5,729,081 gas
B1 success, used 5,730,518 gas
B2 success, used 5,731,416 gas
(0, 1, 3)
B0 success, used 5,630,461 gas
B1 success, used 5,698,329 gas
B2 success, used 5,808,248 gas
(1, 2, 3)
B0 success, used 5,808,030 gas
B1 success, used 5,815,431 gas
B2 success, used 5,826,801 gas
(1, 1, 2)
Multiple bidder chose maximum bidding price.
secondHighestBidPriceJ = 1
Phase 4 success

Phase 5 winner decision:
B0 success, used 9,615,287 gas
B1 success, used 9,588,525 gas
B2 success, used 9,645,523 gas
winnerI = 2
Phase 5 success

 B 0  B 1 [B 2]
   0 [  1]   2 
price = [1, 2, 3, 4, 5, 6]
balances = [10, 10, 10]
Phase 6 payment:
B2 payed = 2 success, used 5,125,334 gas
Phase 6 success

B0 used 851,960,498 gas
B1 used 211,027,486 gas
B2 used 231,248,155 gas
