web3 connected!
Contract created success, used 6,622,155 gas
B0 x = 21362208826640415536417095923594454479067543097642668955167495863932664858694
B1 x = 32304205607387331366059152558200380714117991258091710126801138132790171288713
B2 x = 26620966420223901840790093107135590664431310835725785919579899891930433219674

Phase 1 bidder init:
B0 success, used 1,154,907 gas
B1 success, used 1,180,071 gas
B2 success, used 1,136,660 gas
Wait for phase 1 ends:
wait 4.73 sec
Phase 1 success

Phase 2 bidder submit bid:
B0 bid_price_j = 0 success, used 6,837,112 gas
B1 bid_price_j = 1 success, used 6,824,449 gas
B2 bid_price_j = 2 success, used 6,859,526 gas
Phase 2 success

Phase 3.1 bidder verification sum 1:
B0 success, used 6,742,560 gas
B1 success, used 6,942,841 gas
B2 success, used 6,806,342 gas
Phase 3.2.1 bidder verification 01 omega:
B0 success, used 544,493,751 gas
Phase 3.2.2 bidder verification 01 dec:
B0 failed, used 314,473 gas
AttributeDict({'transactionHash': HexBytes('0xfc82991b481516c6fc869a2eb48772a09610edda8c0ac2c6e6a78c9c3ee1558f'), 'transactionIndex': 0, 'blockHash': HexBytes('0x267852d3751f9b4c1d6f80277978ae7f6ab53108156387269f0496a32c334b8f'), 'blockNumber': 61, 'from': '0x2e28F4106eE892875a5D303AA8f01A72D275D886', 'to': '0x78dE9D2d53dE37fA8aC0db5627e95C885ceE50A0', 'gasUsed': 314473, 'cumulativeGasUsed': 314473, 'contractAddress': None, 'logs': [], 'status': 0, 'logsBloom': HexBytes('0x00000000000000000000000000000000000000000000000000000000000000000000000000000000000000000000000000000000000000000000000000000000000000000000000000000000000000000000000000000000000000000000000000000000000000000000000000000000000000000000000000000000000000000000000000000000000000000000000000000000000000000000000000000000000000000000000000000000000000000000000000000000000000000000000000000000000000000000000000000000000000000000000000000000000000000000000000000000000000000000000000000000000000000000000000000000')})
